<?xml version="1.0" encoding="UTF-8"?>
<!-- Generated by org.testng.reporters.JUnitXMLReporter -->
<testsuite ignored="0" hostname="DESKTOP-BLM0KLK" failures="0" tests="3" name="Default test" time="99.282" errors="0" timestamp="2023-08-28T13:53:12 IST">
  <testcase classname="com.amazon.qa.test.ValidateAmazonTestClass" name="validateTestCase1" time="24.35"/>
  <testcase classname="com.amazon.qa.test.ValidateAmazonTestClass" name="validateTestCase2" time="18.648"/>
  <testcase classname="com.amazon.qa.test.ValidateAmazonTestClass" name="validateTestCase3" time="22.963"/>
</testsuite> <!-- Default test -->
