<?xml version="1.0" encoding="UTF-8"?>
<testng-results ignored="0" total="3" passed="3" failed="0" skipped="0">
  <reporter-output>
    <line>
      <![CDATA[Assert Text Email or mobile phone number]]>
    </line>
    <line>
      <![CDATA[Assert Text Password]]>
    </line>
    <line>
      <![CDATA[Assert logged in username]]>
    </line>
    <line>
      <![CDATA[Assert Text Samsung m32 128gb mobile]]>
    </line>
    <line>
      <![CDATA[price is greater than 10000]]>
    </line>
    <line>
      <![CDATA[Qty:1 successfully validate]]>
    </line>
    <line>
      <![CDATA[assert (Refurbished) Samsung Galaxy M32 (Black, 6GB RAM, 128GB Storage mobile successfully validate]]>
    </line>
    <line>
      <![CDATA[price successfully validate]]>
    </line>
    <line>
      <![CDATA[Assert Text Email or mobile phone number]]>
    </line>
    <line>
      <![CDATA[Assert Text Password]]>
    </line>
    <line>
      <![CDATA[Assert logged in username]]>
    </line>
    <line>
      <![CDATA[Assert apple mobile 14 pro max]]>
    </line>
    <line>
      <![CDATA[price is greater than 10000]]>
    </line>
    <line>
      <![CDATA[Qty:1 successfully validate]]>
    </line>
    <line>
      <![CDATA[assert Apple iPhone 14 Pro Max (256 GB) - Space Black mobile successfully validate]]>
    </line>
    <line>
      <![CDATA[price successfully validate]]>
    </line>
    <line>
      <![CDATA[Assert Text Email or mobile phone number]]>
    </line>
    <line>
      <![CDATA[Assert Text Password]]>
    </line>
    <line>
      <![CDATA[Assert logged in username]]>
    </line>
    <line>
      <![CDATA[Assert redmi note 12 pro plus 5g]]>
    </line>
    <line>
      <![CDATA[price is greater than 10000]]>
    </line>
    <line>
      <![CDATA[Qty:1 successfully validate]]>
    </line>
    <line>
      <![CDATA[assert Redmi Note 12 Pro+ 5G (Obsidian Black, 8GB RAM, 256GB Storage) mobile successfully validate]]>
    </line>
    <line>
      <![CDATA[price successfully validate]]>
    </line>
  </reporter-output>
  <suite started-at="2023-08-28T13:51:32 IST" name="Default suite" finished-at="2023-08-28T13:53:11 IST" duration-ms="99282">
    <groups>
    </groups>
    <test started-at="2023-08-28T13:51:32 IST" name="Default test" finished-at="2023-08-28T13:53:11 IST" duration-ms="99282">
      <class name="com.amazon.qa.test.ValidateAmazonTestClass">
        <test-method is-config="true" signature="launchAmazon()[pri:0, instance:com.amazon.qa.test.ValidateAmazonTestClass@4afcd809]" started-at="2023-08-28T13:51:32 IST" name="launchAmazon" finished-at="2023-08-28T13:51:45 IST" duration-ms="12815" status="PASS">
          <reporter-output>
          </reporter-output>
        </test-method> <!-- launchAmazon -->
        <test-method is-config="true" signature="loginToAmazon()[pri:0, instance:com.amazon.qa.test.ValidateAmazonTestClass@4afcd809]" started-at="2023-08-28T13:51:45 IST" name="loginToAmazon" finished-at="2023-08-28T13:51:51 IST" duration-ms="5863" status="PASS">
          <reporter-output>
            <line>
              <![CDATA[Assert Text Email or mobile phone number]]>
            </line>
            <line>
              <![CDATA[Assert Text Password]]>
            </line>
            <line>
              <![CDATA[Assert logged in username]]>
            </line>
          </reporter-output>
        </test-method> <!-- loginToAmazon -->
        <test-method signature="validateTestCase1()[pri:1, instance:com.amazon.qa.test.ValidateAmazonTestClass@4afcd809]" started-at="2023-08-28T13:51:51 IST" name="validateTestCase1" finished-at="2023-08-28T13:52:15 IST" duration-ms="24350" status="PASS">
          <reporter-output>
            <line>
              <![CDATA[Assert Text Samsung m32 128gb mobile]]>
            </line>
            <line>
              <![CDATA[price is greater than 10000]]>
            </line>
            <line>
              <![CDATA[Qty:1 successfully validate]]>
            </line>
            <line>
              <![CDATA[assert (Refurbished) Samsung Galaxy M32 (Black, 6GB RAM, 128GB Storage mobile successfully validate]]>
            </line>
            <line>
              <![CDATA[price successfully validate]]>
            </line>
          </reporter-output>
        </test-method> <!-- validateTestCase1 -->
        <test-method is-config="true" signature="logoutToAmazon()[pri:0, instance:com.amazon.qa.test.ValidateAmazonTestClass@4afcd809]" started-at="2023-08-28T13:52:15 IST" name="logoutToAmazon" finished-at="2023-08-28T13:52:17 IST" duration-ms="1939" status="PASS">
          <reporter-output>
          </reporter-output>
        </test-method> <!-- logoutToAmazon -->
        <test-method is-config="true" signature="loginToAmazon()[pri:0, instance:com.amazon.qa.test.ValidateAmazonTestClass@4afcd809]" started-at="2023-08-28T13:52:17 IST" name="loginToAmazon" finished-at="2023-08-28T13:52:22 IST" duration-ms="4297" status="PASS">
          <reporter-output>
            <line>
              <![CDATA[Assert Text Email or mobile phone number]]>
            </line>
            <line>
              <![CDATA[Assert Text Password]]>
            </line>
            <line>
              <![CDATA[Assert logged in username]]>
            </line>
          </reporter-output>
        </test-method> <!-- loginToAmazon -->
        <test-method signature="validateTestCase2()[pri:2, instance:com.amazon.qa.test.ValidateAmazonTestClass@4afcd809]" started-at="2023-08-28T13:52:22 IST" name="validateTestCase2" finished-at="2023-08-28T13:52:40 IST" duration-ms="18648" status="PASS">
          <reporter-output>
            <line>
              <![CDATA[Assert apple mobile 14 pro max]]>
            </line>
            <line>
              <![CDATA[price is greater than 10000]]>
            </line>
            <line>
              <![CDATA[Qty:1 successfully validate]]>
            </line>
            <line>
              <![CDATA[assert Apple iPhone 14 Pro Max (256 GB) - Space Black mobile successfully validate]]>
            </line>
            <line>
              <![CDATA[price successfully validate]]>
            </line>
          </reporter-output>
        </test-method> <!-- validateTestCase2 -->
        <test-method is-config="true" signature="logoutToAmazon()[pri:0, instance:com.amazon.qa.test.ValidateAmazonTestClass@4afcd809]" started-at="2023-08-28T13:52:40 IST" name="logoutToAmazon" finished-at="2023-08-28T13:52:42 IST" duration-ms="1846" status="PASS">
          <reporter-output>
          </reporter-output>
        </test-method> <!-- logoutToAmazon -->
        <test-method is-config="true" signature="loginToAmazon()[pri:0, instance:com.amazon.qa.test.ValidateAmazonTestClass@4afcd809]" started-at="2023-08-28T13:52:42 IST" name="loginToAmazon" finished-at="2023-08-28T13:52:46 IST" duration-ms="3959" status="PASS">
          <reporter-output>
            <line>
              <![CDATA[Assert Text Email or mobile phone number]]>
            </line>
            <line>
              <![CDATA[Assert Text Password]]>
            </line>
            <line>
              <![CDATA[Assert logged in username]]>
            </line>
          </reporter-output>
        </test-method> <!-- loginToAmazon -->
        <test-method signature="validateTestCase3()[pri:3, instance:com.amazon.qa.test.ValidateAmazonTestClass@4afcd809]" started-at="2023-08-28T13:52:46 IST" name="validateTestCase3" finished-at="2023-08-28T13:53:09 IST" duration-ms="22963" status="PASS">
          <reporter-output>
            <line>
              <![CDATA[Assert redmi note 12 pro plus 5g]]>
            </line>
            <line>
              <![CDATA[price is greater than 10000]]>
            </line>
            <line>
              <![CDATA[Qty:1 successfully validate]]>
            </line>
            <line>
              <![CDATA[assert Redmi Note 12 Pro+ 5G (Obsidian Black, 8GB RAM, 256GB Storage) mobile successfully validate]]>
            </line>
            <line>
              <![CDATA[price successfully validate]]>
            </line>
          </reporter-output>
        </test-method> <!-- validateTestCase3 -->
        <test-method is-config="true" signature="logoutToAmazon()[pri:0, instance:com.amazon.qa.test.ValidateAmazonTestClass@4afcd809]" started-at="2023-08-28T13:53:09 IST" name="logoutToAmazon" finished-at="2023-08-28T13:53:11 IST" duration-ms="1887" status="PASS">
          <reporter-output>
          </reporter-output>
        </test-method> <!-- logoutToAmazon -->
        <test-method is-config="true" signature="closeBrowser()[pri:0, instance:com.amazon.qa.test.ValidateAmazonTestClass@4afcd809]" started-at="2023-08-28T13:53:11 IST" name="closeBrowser" finished-at="2023-08-28T13:53:11 IST" duration-ms="592" status="PASS">
          <reporter-output>
          </reporter-output>
        </test-method> <!-- closeBrowser -->
      </class> <!-- com.amazon.qa.test.ValidateAmazonTestClass -->
    </test> <!-- Default test -->
  </suite> <!-- Default suite -->
</testng-results>
