<?xml version="1.0" encoding="UTF-8"?>
<testng-results ignored="0" total="1" passed="1" failed="0" skipped="0">
  <reporter-output>
    <line>
      <![CDATA[Assert Text Email or mobile phone number]]>
    </line>
    <line>
      <![CDATA[Assert Text Password]]>
    </line>
    <line>
      <![CDATA[Assert logged in username]]>
    </line>
    <line>
      <![CDATA[Assert Text Samsung m32 128gb mobile]]>
    </line>
  </reporter-output>
  <suite started-at="2023-08-26T23:17:55 IST" name="Default suite" finished-at="2023-08-26T23:18:50 IST" duration-ms="54741">
    <groups>
    </groups>
    <test started-at="2023-08-26T23:17:55 IST" name="Default test" finished-at="2023-08-26T23:18:50 IST" duration-ms="54741">
      <class name="com.amazon.qa.test.ValidateAmazonTestClass">
        <test-method is-config="true" signature="launchAmazon()[pri:0, instance:com.amazon.qa.test.ValidateAmazonTestClass@6b2ea799]" started-at="2023-08-26T23:17:55 IST" name="launchAmazon" finished-at="2023-08-26T23:18:06 IST" duration-ms="11085" status="PASS">
          <reporter-output>
          </reporter-output>
        </test-method> <!-- launchAmazon -->
        <test-method is-config="true" signature="loginToAmazon()[pri:0, instance:com.amazon.qa.test.ValidateAmazonTestClass@6b2ea799]" started-at="2023-08-26T23:18:06 IST" name="loginToAmazon" finished-at="2023-08-26T23:18:28 IST" duration-ms="22165" status="PASS">
          <reporter-output>
            <line>
              <![CDATA[Assert Text Email or mobile phone number]]>
            </line>
            <line>
              <![CDATA[Assert Text Password]]>
            </line>
            <line>
              <![CDATA[Assert logged in username]]>
            </line>
            <line>
              <![CDATA[Assert Text Samsung m32 128gb mobile]]>
            </line>
          </reporter-output>
        </test-method> <!-- loginToAmazon -->
        <test-method signature="validateTestCase1()[pri:0, instance:com.amazon.qa.test.ValidateAmazonTestClass@6b2ea799]" started-at="2023-08-26T23:18:28 IST" name="validateTestCase1" finished-at="2023-08-26T23:18:48 IST" duration-ms="19511" status="PASS">
          <reporter-output>
          </reporter-output>
        </test-method> <!-- validateTestCase1 -->
        <test-method is-config="true" signature="logoutToAmazon()[pri:0, instance:com.amazon.qa.test.ValidateAmazonTestClass@6b2ea799]" started-at="2023-08-26T23:18:48 IST" name="logoutToAmazon" finished-at="2023-08-26T23:18:50 IST" duration-ms="1864" status="PASS">
          <reporter-output>
          </reporter-output>
        </test-method> <!-- logoutToAmazon -->
      </class> <!-- com.amazon.qa.test.ValidateAmazonTestClass -->
    </test> <!-- Default test -->
  </suite> <!-- Default suite -->
</testng-results>
