<?xml version="1.0" encoding="UTF-8"?>
<testng-results ignored="0" total="1" passed="1" failed="0" skipped="0">
  <reporter-output>
    <line>
      <![CDATA[Assert Text Email or mobile phone number]]>
    </line>
    <line>
      <![CDATA[Assert Text Password]]>
    </line>
    <line>
      <![CDATA[Assert logged in username]]>
    </line>
    <line>
      <![CDATA[Assert Text Samsung m32 128gb mobile]]>
    </line>
    <line>
      <![CDATA[price is greater than 10000]]>
    </line>
  </reporter-output>
  <suite started-at="2023-08-27T18:17:24 IST" name="Default suite" finished-at="2023-08-27T18:18:07 IST" duration-ms="42316">
    <groups>
    </groups>
    <test started-at="2023-08-27T18:17:24 IST" name="Default test" finished-at="2023-08-27T18:18:07 IST" duration-ms="42316">
      <class name="com.amazon.qa.test.ValidateAmazonTestClass">
        <test-method is-config="true" signature="launchAmazon()[pri:0, instance:com.amazon.qa.test.ValidateAmazonTestClass@7c7a06ec]" started-at="2023-08-27T18:17:24 IST" name="launchAmazon" finished-at="2023-08-27T18:17:30 IST" duration-ms="6110" status="PASS">
          <reporter-output>
          </reporter-output>
        </test-method> <!-- launchAmazon -->
        <test-method is-config="true" signature="loginToAmazon()[pri:0, instance:com.amazon.qa.test.ValidateAmazonTestClass@7c7a06ec]" started-at="2023-08-27T18:17:31 IST" name="loginToAmazon" finished-at="2023-08-27T18:17:44 IST" duration-ms="13250" status="PASS">
          <reporter-output>
            <line>
              <![CDATA[Assert Text Email or mobile phone number]]>
            </line>
            <line>
              <![CDATA[Assert Text Password]]>
            </line>
            <line>
              <![CDATA[Assert logged in username]]>
            </line>
            <line>
              <![CDATA[Assert Text Samsung m32 128gb mobile]]>
            </line>
          </reporter-output>
        </test-method> <!-- loginToAmazon -->
        <test-method signature="validateTestCase1()[pri:0, instance:com.amazon.qa.test.ValidateAmazonTestClass@7c7a06ec]" started-at="2023-08-27T18:17:44 IST" name="validateTestCase1" finished-at="2023-08-27T18:18:05 IST" duration-ms="21146" status="PASS">
          <reporter-output>
            <line>
              <![CDATA[price is greater than 10000]]>
            </line>
          </reporter-output>
        </test-method> <!-- validateTestCase1 -->
        <test-method is-config="true" signature="afterMethods()[pri:0, instance:com.amazon.qa.test.ValidateAmazonTestClass@7c7a06ec]" started-at="2023-08-27T18:18:05 IST" name="afterMethods" finished-at="2023-08-27T18:18:07 IST" duration-ms="1721" status="PASS">
          <reporter-output>
          </reporter-output>
        </test-method> <!-- afterMethods -->
      </class> <!-- com.amazon.qa.test.ValidateAmazonTestClass -->
    </test> <!-- Default test -->
  </suite> <!-- Default suite -->
</testng-results>
