<?xml version="1.0" encoding="UTF-8"?>
<testng-results ignored="0" total="1" passed="0" failed="1" skipped="0">
  <reporter-output>
    <line>
      <![CDATA[Assert Text Email or mobile phone number]]>
    </line>
    <line>
      <![CDATA[Assert Text Password]]>
    </line>
    <line>
      <![CDATA[Assert logged in username]]>
    </line>
    <line>
      <![CDATA[Assert Text Samsung m32 128gb mobile]]>
    </line>
  </reporter-output>
  <suite started-at="2023-08-26T12:51:21 IST" name="Default suite" finished-at="2023-08-26T12:51:45 IST" duration-ms="24404">
    <groups>
    </groups>
    <test started-at="2023-08-26T12:51:21 IST" name="Default test" finished-at="2023-08-26T12:51:45 IST" duration-ms="24404">
      <class name="com.amazon.qa.test.ValidateAmazonTestClass">
        <test-method is-config="true" signature="launchAmazon()[pri:0, instance:com.amazon.qa.test.ValidateAmazonTestClass@5b7a5baa]" started-at="2023-08-26T12:51:21 IST" name="launchAmazon" finished-at="2023-08-26T12:51:26 IST" duration-ms="5369" status="PASS">
          <reporter-output>
          </reporter-output>
        </test-method> <!-- launchAmazon -->
        <test-method is-config="true" signature="loginToAmazon()[pri:0, instance:com.amazon.qa.test.ValidateAmazonTestClass@5b7a5baa]" started-at="2023-08-26T12:51:26 IST" name="loginToAmazon" finished-at="2023-08-26T12:51:44 IST" duration-ms="18387" status="PASS">
          <reporter-output>
            <line>
              <![CDATA[Assert Text Email or mobile phone number]]>
            </line>
            <line>
              <![CDATA[Assert Text Password]]>
            </line>
            <line>
              <![CDATA[Assert logged in username]]>
            </line>
            <line>
              <![CDATA[Assert Text Samsung m32 128gb mobile]]>
            </line>
          </reporter-output>
        </test-method> <!-- loginToAmazon -->
        <test-method signature="validateTestCase1()[pri:0, instance:com.amazon.qa.test.ValidateAmazonTestClass@5b7a5baa]" started-at="2023-08-26T12:51:44 IST" name="validateTestCase1" finished-at="2023-08-26T12:51:45 IST" duration-ms="578" status="FAIL">
          <exception class="org.openqa.selenium.NoSuchElementException">
            <message>
              <![CDATA[no such element: Unable to locate element: {"method":"xpath","selector":"//iframe[@id="ape_Detail_ams-detail-right-v2_desktop_iframe"]"}
  (Session info: chrome=116.0.5845.98)
For documentation on this error, please visit: https://www.selenium.dev/documentation/webdriver/troubleshooting/errors#no-such-element-exception
Build info: version: '4.11.0', revision: '040bc5406b'
System info: os.name: 'Windows 11', os.arch: 'amd64', os.version: '10.0', java.version: '17.0.7'
Driver info: org.openqa.selenium.chrome.ChromeDriver
Command: [d3efd90fdbd2d6aeda7fc7ad9f82f9eb, findElement {using=xpath, value=//iframe[@id="ape_Detail_ams-detail-right-v2_desktop_iframe"]}]
Capabilities {acceptInsecureCerts: false, browserName: chrome, browserVersion: 116.0.5845.98, chrome: {chromedriverVersion: 116.0.5845.96 (1a3918166880..., userDataDir: C:\Users\ashis\AppData\Loca...}, fedcm:accounts: true, goog:chromeOptions: {debuggerAddress: localhost:52714}, networkConnectionEnabled: false, pageLoadStrategy: normal, platformName: windows, proxy: Proxy(), se:cdp: ws://localhost:52714/devtoo..., se:cdpVersion: 116.0.5845.98, setWindowRect: true, strictFileInteractability: false, timeouts: {implicit: 0, pageLoad: 300000, script: 30000}, unhandledPromptBehavior: dismiss and notify, webauthn:extension:credBlob: true, webauthn:extension:largeBlob: true, webauthn:extension:minPinLength: true, webauthn:extension:prf: true, webauthn:virtualAuthenticators: true}
Session ID: d3efd90fdbd2d6aeda7fc7ad9f82f9eb]]>
            </message>
            <full-stacktrace>
              <![CDATA[org.openqa.selenium.NoSuchElementException: no such element: Unable to locate element: {"method":"xpath","selector":"//iframe[@id="ape_Detail_ams-detail-right-v2_desktop_iframe"]"}
  (Session info: chrome=116.0.5845.98)
For documentation on this error, please visit: https://www.selenium.dev/documentation/webdriver/troubleshooting/errors#no-such-element-exception
Build info: version: '4.11.0', revision: '040bc5406b'
System info: os.name: 'Windows 11', os.arch: 'amd64', os.version: '10.0', java.version: '17.0.7'
Driver info: org.openqa.selenium.chrome.ChromeDriver
Command: [d3efd90fdbd2d6aeda7fc7ad9f82f9eb, findElement {using=xpath, value=//iframe[@id="ape_Detail_ams-detail-right-v2_desktop_iframe"]}]
Capabilities {acceptInsecureCerts: false, browserName: chrome, browserVersion: 116.0.5845.98, chrome: {chromedriverVersion: 116.0.5845.96 (1a3918166880..., userDataDir: C:\Users\ashis\AppData\Loca...}, fedcm:accounts: true, goog:chromeOptions: {debuggerAddress: localhost:52714}, networkConnectionEnabled: false, pageLoadStrategy: normal, platformName: windows, proxy: Proxy(), se:cdp: ws://localhost:52714/devtoo..., se:cdpVersion: 116.0.5845.98, setWindowRect: true, strictFileInteractability: false, timeouts: {implicit: 0, pageLoad: 300000, script: 30000}, unhandledPromptBehavior: dismiss and notify, webauthn:extension:credBlob: true, webauthn:extension:largeBlob: true, webauthn:extension:minPinLength: true, webauthn:extension:prf: true, webauthn:virtualAuthenticators: true}
Session ID: d3efd90fdbd2d6aeda7fc7ad9f82f9eb
at java.base/jdk.internal.reflect.NativeConstructorAccessorImpl.newInstance0(Native Method)
at java.base/jdk.internal.reflect.NativeConstructorAccessorImpl.newInstance(NativeConstructorAccessorImpl.java:77)
at java.base/jdk.internal.reflect.DelegatingConstructorAccessorImpl.newInstance(DelegatingConstructorAccessorImpl.java:45)
at java.base/java.lang.reflect.Constructor.newInstanceWithCaller(Constructor.java:499)
at java.base/java.lang.reflect.Constructor.newInstance(Constructor.java:480)
at org.openqa.selenium.remote.codec.w3c.W3CHttpResponseCodec.createException(W3CHttpResponseCodec.java:200)
at org.openqa.selenium.remote.codec.w3c.W3CHttpResponseCodec.decode(W3CHttpResponseCodec.java:133)
at org.openqa.selenium.remote.codec.w3c.W3CHttpResponseCodec.decode(W3CHttpResponseCodec.java:52)
at org.openqa.selenium.remote.HttpCommandExecutor.execute(HttpCommandExecutor.java:191)
at org.openqa.selenium.remote.service.DriverCommandExecutor.invokeExecute(DriverCommandExecutor.java:196)
at org.openqa.selenium.remote.service.DriverCommandExecutor.execute(DriverCommandExecutor.java:171)
at org.openqa.selenium.remote.RemoteWebDriver.execute(RemoteWebDriver.java:518)
at org.openqa.selenium.remote.ElementLocation$ElementFinder$2.findElement(ElementLocation.java:165)
at org.openqa.selenium.remote.ElementLocation.findElement(ElementLocation.java:59)
at org.openqa.selenium.remote.RemoteWebDriver.findElement(RemoteWebDriver.java:355)
at org.openqa.selenium.remote.RemoteWebDriver.findElement(RemoteWebDriver.java:349)
at org.openqa.selenium.support.pagefactory.DefaultElementLocator.findElement(DefaultElementLocator.java:68)
at org.openqa.selenium.support.pagefactory.internal.LocatingElementHandler.invoke(LocatingElementHandler.java:38)
at jdk.proxy2/jdk.proxy2.$Proxy16.getWrappedElement(Unknown Source)
at org.openqa.selenium.remote.internal.WebElementToJsonConverter.apply(WebElementToJsonConverter.java:51)
at org.openqa.selenium.remote.RemoteWebDriver$RemoteTargetLocator.frame(RemoteWebDriver.java:1048)
at com.amazon.qa.pages.AmazonSearchPage.getpriceasert(AmazonSearchPage.java:61)
at com.amazon.qa.test.ValidateAmazonTestClass.validateTestCase1(ValidateAmazonTestClass.java:84)
at java.base/jdk.internal.reflect.NativeMethodAccessorImpl.invoke0(Native Method)
at java.base/jdk.internal.reflect.NativeMethodAccessorImpl.invoke(NativeMethodAccessorImpl.java:77)
at java.base/jdk.internal.reflect.DelegatingMethodAccessorImpl.invoke(DelegatingMethodAccessorImpl.java:43)
at java.base/java.lang.reflect.Method.invoke(Method.java:568)
at org.testng.internal.invokers.MethodInvocationHelper.invokeMethod(MethodInvocationHelper.java:139)
at org.testng.internal.invokers.TestInvoker.invokeMethod(TestInvoker.java:664)
at org.testng.internal.invokers.TestInvoker.invokeTestMethod(TestInvoker.java:227)
at org.testng.internal.invokers.MethodRunner.runInSequence(MethodRunner.java:50)
at org.testng.internal.invokers.TestInvoker$MethodInvocationAgent.invoke(TestInvoker.java:957)
at org.testng.internal.invokers.TestInvoker.invokeTestMethods(TestInvoker.java:200)
at org.testng.internal.invokers.TestMethodWorker.invokeTestMethods(TestMethodWorker.java:148)
at org.testng.internal.invokers.TestMethodWorker.run(TestMethodWorker.java:128)
at java.base/java.util.ArrayList.forEach(ArrayList.java:1511)
at org.testng.TestRunner.privateRun(TestRunner.java:848)
at org.testng.TestRunner.run(TestRunner.java:621)
at org.testng.SuiteRunner.runTest(SuiteRunner.java:443)
at org.testng.SuiteRunner.runSequentially(SuiteRunner.java:437)
at org.testng.SuiteRunner.privateRun(SuiteRunner.java:397)
at org.testng.SuiteRunner.run(SuiteRunner.java:336)
at org.testng.SuiteRunnerWorker.runSuite(SuiteRunnerWorker.java:52)
at org.testng.SuiteRunnerWorker.run(SuiteRunnerWorker.java:95)
at org.testng.TestNG.runSuitesSequentially(TestNG.java:1280)
at org.testng.TestNG.runSuitesLocally(TestNG.java:1200)
at org.testng.TestNG.runSuites(TestNG.java:1114)
at org.testng.TestNG.run(TestNG.java:1082)
at org.testng.remote.AbstractRemoteTestNG.run(AbstractRemoteTestNG.java:115)
at org.testng.remote.RemoteTestNG.initAndRun(RemoteTestNG.java:251)
at org.testng.remote.RemoteTestNG.main(RemoteTestNG.java:77)
]]>
            </full-stacktrace>
          </exception> <!-- org.openqa.selenium.NoSuchElementException -->
          <reporter-output>
          </reporter-output>
        </test-method> <!-- validateTestCase1 -->
      </class> <!-- com.amazon.qa.test.ValidateAmazonTestClass -->
    </test> <!-- Default test -->
  </suite> <!-- Default suite -->
</testng-results>
