<?xml version="1.0" encoding="UTF-8"?>
<testng-results ignored="0" total="3" passed="3" failed="0" skipped="0">
  <reporter-output>
    <line>
      <![CDATA[Assert Text Email or mobile phone number]]>
    </line>
    <line>
      <![CDATA[Assert Text Password]]>
    </line>
    <line>
      <![CDATA[Assert logged in username]]>
    </line>
    <line>
      <![CDATA[Assert Text Samsung m32 128gb mobile]]>
    </line>
    <line>
      <![CDATA[price is greater than 10000]]>
    </line>
    <line>
      <![CDATA[Assert Text Email or mobile phone number]]>
    </line>
    <line>
      <![CDATA[Assert Text Password]]>
    </line>
    <line>
      <![CDATA[Assert logged in username]]>
    </line>
    <line>
      <![CDATA[Assert Text Email or mobile phone number]]>
    </line>
    <line>
      <![CDATA[Assert Text Password]]>
    </line>
    <line>
      <![CDATA[Assert logged in username]]>
    </line>
  </reporter-output>
  <suite started-at="2023-08-28T11:10:56 IST" name="Default suite" finished-at="2023-08-28T11:12:40 IST" duration-ms="103977">
    <groups>
    </groups>
    <test started-at="2023-08-28T11:10:56 IST" name="Default test" finished-at="2023-08-28T11:12:40 IST" duration-ms="103977">
      <class name="com.amazon.qa.test.ValidateAmazonTestClass">
        <test-method is-config="true" signature="launchAmazon()[pri:0, instance:com.amazon.qa.test.ValidateAmazonTestClass@4afcd809]" started-at="2023-08-28T11:10:56 IST" name="launchAmazon" finished-at="2023-08-28T11:11:09 IST" duration-ms="12747" status="PASS">
          <reporter-output>
          </reporter-output>
        </test-method> <!-- launchAmazon -->
        <test-method is-config="true" signature="loginToAmazon()[pri:0, instance:com.amazon.qa.test.ValidateAmazonTestClass@4afcd809]" started-at="2023-08-28T11:11:09 IST" name="loginToAmazon" finished-at="2023-08-28T11:11:16 IST" duration-ms="7207" status="PASS">
          <reporter-output>
            <line>
              <![CDATA[Assert Text Email or mobile phone number]]>
            </line>
            <line>
              <![CDATA[Assert Text Password]]>
            </line>
            <line>
              <![CDATA[Assert logged in username]]>
            </line>
          </reporter-output>
        </test-method> <!-- loginToAmazon -->
        <test-method signature="validateTestCase1()[pri:1, instance:com.amazon.qa.test.ValidateAmazonTestClass@4afcd809]" started-at="2023-08-28T11:11:16 IST" name="validateTestCase1" finished-at="2023-08-28T11:11:44 IST" duration-ms="27706" status="PASS">
          <reporter-output>
            <line>
              <![CDATA[Assert Text Samsung m32 128gb mobile]]>
            </line>
            <line>
              <![CDATA[price is greater than 10000]]>
            </line>
          </reporter-output>
        </test-method> <!-- validateTestCase1 -->
        <test-method is-config="true" signature="logoutToAmazon()[pri:0, instance:com.amazon.qa.test.ValidateAmazonTestClass@4afcd809]" started-at="2023-08-28T11:11:44 IST" name="logoutToAmazon" finished-at="2023-08-28T11:11:46 IST" duration-ms="2254" status="PASS">
          <reporter-output>
          </reporter-output>
        </test-method> <!-- logoutToAmazon -->
        <test-method is-config="true" signature="loginToAmazon()[pri:0, instance:com.amazon.qa.test.ValidateAmazonTestClass@4afcd809]" started-at="2023-08-28T11:11:46 IST" name="loginToAmazon" finished-at="2023-08-28T11:11:51 IST" duration-ms="4437" status="PASS">
          <reporter-output>
            <line>
              <![CDATA[Assert Text Email or mobile phone number]]>
            </line>
            <line>
              <![CDATA[Assert Text Password]]>
            </line>
            <line>
              <![CDATA[Assert logged in username]]>
            </line>
          </reporter-output>
        </test-method> <!-- loginToAmazon -->
        <test-method signature="validateTestCase2()[pri:2, instance:com.amazon.qa.test.ValidateAmazonTestClass@4afcd809]" started-at="2023-08-28T11:11:51 IST" name="validateTestCase2" finished-at="2023-08-28T11:12:10 IST" duration-ms="18615" status="PASS">
          <reporter-output>
          </reporter-output>
        </test-method> <!-- validateTestCase2 -->
        <test-method is-config="true" signature="logoutToAmazon()[pri:0, instance:com.amazon.qa.test.ValidateAmazonTestClass@4afcd809]" started-at="2023-08-28T11:12:10 IST" name="logoutToAmazon" finished-at="2023-08-28T11:12:11 IST" duration-ms="1867" status="PASS">
          <reporter-output>
          </reporter-output>
        </test-method> <!-- logoutToAmazon -->
        <test-method is-config="true" signature="loginToAmazon()[pri:0, instance:com.amazon.qa.test.ValidateAmazonTestClass@4afcd809]" started-at="2023-08-28T11:12:11 IST" name="loginToAmazon" finished-at="2023-08-28T11:12:15 IST" duration-ms="4056" status="PASS">
          <reporter-output>
            <line>
              <![CDATA[Assert Text Email or mobile phone number]]>
            </line>
            <line>
              <![CDATA[Assert Text Password]]>
            </line>
            <line>
              <![CDATA[Assert logged in username]]>
            </line>
          </reporter-output>
        </test-method> <!-- loginToAmazon -->
        <test-method signature="validateTestCase3()[pri:3, instance:com.amazon.qa.test.ValidateAmazonTestClass@4afcd809]" started-at="2023-08-28T11:12:15 IST" name="validateTestCase3" finished-at="2023-08-28T11:12:38 IST" duration-ms="22154" status="PASS">
          <reporter-output>
          </reporter-output>
        </test-method> <!-- validateTestCase3 -->
        <test-method is-config="true" signature="logoutToAmazon()[pri:0, instance:com.amazon.qa.test.ValidateAmazonTestClass@4afcd809]" started-at="2023-08-28T11:12:38 IST" name="logoutToAmazon" finished-at="2023-08-28T11:12:40 IST" duration-ms="2207" status="PASS">
          <reporter-output>
          </reporter-output>
        </test-method> <!-- logoutToAmazon -->
        <test-method is-config="true" signature="closeBrowser()[pri:0, instance:com.amazon.qa.test.ValidateAmazonTestClass@4afcd809]" started-at="2023-08-28T11:12:40 IST" name="closeBrowser" finished-at="2023-08-28T11:12:40 IST" duration-ms="612" status="PASS">
          <reporter-output>
          </reporter-output>
        </test-method> <!-- closeBrowser -->
      </class> <!-- com.amazon.qa.test.ValidateAmazonTestClass -->
    </test> <!-- Default test -->
  </suite> <!-- Default suite -->
</testng-results>
